<?xml version="1.0" encoding="UTF-8"?>
<TestRun id="6f6d164c-c7a2-4065-a1a0-44f3f2ab1fbe" name="DANIEL@NDANIEL 2011-10-26 00:44:49" runUser="NDANIEL\DANIEL" xmlns="http://microsoft.com/schemas/VisualStudio/TeamTest/2010">
  <TestSettings name="Local" id="00656b24-79bd-4b63-882c-314f1b4727c1">
    <Description>These are default test settings for a local test run.</Description>
    <Deployment enabled="false" runDeploymentRoot="DANIEL_NDANIEL 2011-10-26 00_44_49">
      <DeploymentItem filename="C:\Documentos\PUC\TD2\MGAD_TDD2\MGAD_Model\bin\Debug\MGAD_Model.dll" />
    </Deployment>
    <Execution>
      <TestTypeSpecific />
      <AgentRule name="Execution Agents">
      </AgentRule>
    </Execution>
  </TestSettings>
  <Times creation="2011-10-26T00:44:49.0172739-02:00" queuing="2011-10-26T00:44:49.0902781-02:00" start="2011-10-26T00:44:49.1072791-02:00" finish="2011-10-26T00:44:51.2524018-02:00" />
  <ResultSummary outcome="Completed">
    <Counters total="8" executed="8" passed="8" error="0" failed="0" timeout="0" aborted="0" inconclusive="0" passedButRunAborted="0" notRunnable="0" notExecuted="0" disconnected="0" warning="0" completed="0" inProgress="0" pending="0" />
  </ResultSummary>
  <TestDefinitions>
    <UnitTest name="Dado_Uma_Avaliacao_Ao_Ser_Criada_Deve_Associar_A_Todos_Grupos_De_Comportamentos_Existentes" storage="c:\documentos\puc\td2\mgad_tdd2\mgad_test\bin\debug\mgad_test.dll" id="3db214db-b15d-849f-ddbb-5c0abb93555d">
      <Execution id="63509d7c-1734-4451-b6b8-ce8820e5df82" />
      <TestMethod codeBase="C:/Documentos/PUC/TD2/MGAD_TDD2/MGAD_Test/bin/Debug/MGAD_Test.DLL" adapterTypeName="Microsoft.VisualStudio.TestTools.TestTypes.Unit.UnitTestAdapter, Microsoft.VisualStudio.QualityTools.Tips.UnitTest.Adapter, Version=10.0.0.0, Culture=neutral, PublicKeyToken=b03f5f7f11d50a3a" className="MGAD_Test.AvaliacaoTests, MGAD_Test, Version=1.0.0.0, Culture=neutral, PublicKeyToken=null" name="Dado_Uma_Avaliacao_Ao_Ser_Criada_Deve_Associar_A_Todos_Grupos_De_Comportamentos_Existentes" />
    </UnitTest>
    <UnitTest name="Dado_Um_Gestor_Ao_Ser_Solicitado_Deve_Exibir_Todos_Seus_Colaboradores_Subordinados" storage="c:\documentos\puc\td2\mgad_tdd2\mgad_test\bin\debug\mgad_test.dll" id="42ae5b82-3ba3-50c7-82b7-031fdce7c046">
      <Execution id="4fef1b8c-f488-4826-a89e-2dae54ca6180" />
      <TestMethod codeBase="C:/Documentos/PUC/TD2/MGAD_TDD2/MGAD_Test/bin/Debug/MGAD_Test.DLL" adapterTypeName="Microsoft.VisualStudio.TestTools.TestTypes.Unit.UnitTestAdapter, Microsoft.VisualStudio.QualityTools.Tips.UnitTest.Adapter, Version=10.0.0.0, Culture=neutral, PublicKeyToken=b03f5f7f11d50a3a" className="MGAD_Test.GestorTests, MGAD_Test, Version=1.0.0.0, Culture=neutral, PublicKeyToken=null" name="Dado_Um_Gestor_Ao_Ser_Solicitado_Deve_Exibir_Todos_Seus_Colaboradores_Subordinados" />
    </UnitTest>
    <UnitTest name="Dado_Um_Processo_De_Avaliacao_De_Desempenho_Ao_Ser_Criado_Deve_Estar_Associado_A_Um_Gestor" storage="c:\documentos\puc\td2\mgad_tdd2\mgad_test\bin\debug\mgad_test.dll" id="27b0ac42-758b-a300-a6b1-4508d4d74d71">
      <Execution id="7ece2679-9cac-42da-b77a-015b432c5a77" />
      <TestMethod codeBase="C:/Documentos/PUC/TD2/MGAD_TDD2/MGAD_Test/bin/Debug/MGAD_Test.DLL" adapterTypeName="Microsoft.VisualStudio.TestTools.TestTypes.Unit.UnitTestAdapter, Microsoft.VisualStudio.QualityTools.Tips.UnitTest.Adapter, Version=10.0.0.0, Culture=neutral, PublicKeyToken=b03f5f7f11d50a3a" className="MGAD_Test.ProcessoDeAvaliacaoTests, MGAD_Test, Version=1.0.0.0, Culture=neutral, PublicKeyToken=null" name="Dado_Um_Processo_De_Avaliacao_De_Desempenho_Ao_Ser_Criado_Deve_Estar_Associado_A_Um_Gestor" />
    </UnitTest>
    <UnitTest name="Dado_Um_Processo_De_Avaliacao_De_Desempenho_Ao_Ser_Criado_Deve_Possuir_Uma_Auto_Avaliacao" storage="c:\documentos\puc\td2\mgad_tdd2\mgad_test\bin\debug\mgad_test.dll" id="4d68059a-3c7b-32c6-9d31-a1659f5a063e">
      <Execution id="d6eb12de-b948-4927-a619-05259e758354" />
      <TestMethod codeBase="C:/Documentos/PUC/TD2/MGAD_TDD2/MGAD_Test/bin/Debug/MGAD_Test.DLL" adapterTypeName="Microsoft.VisualStudio.TestTools.TestTypes.Unit.UnitTestAdapter, Microsoft.VisualStudio.QualityTools.Tips.UnitTest.Adapter, Version=10.0.0.0, Culture=neutral, PublicKeyToken=b03f5f7f11d50a3a" className="MGAD_Test.ProcessoDeAvaliacaoTests, MGAD_Test, Version=1.0.0.0, Culture=neutral, PublicKeyToken=null" name="Dado_Um_Processo_De_Avaliacao_De_Desempenho_Ao_Ser_Criado_Deve_Possuir_Uma_Auto_Avaliacao" />
    </UnitTest>
    <UnitTest name="Dado_Um_Administrador_Ao_Cadastrar_Um_Colaborador_Deve_Associar_A_Um_Gestor" storage="c:\documentos\puc\td2\mgad_tdd2\mgad_test\bin\debug\mgad_test.dll" id="b302884f-4d03-cd71-1637-583337540a68">
      <Execution id="80daf49c-89ea-4c8e-ab1a-f13c05c0a48d" />
      <TestMethod codeBase="C:/Documentos/PUC/TD2/MGAD_TDD2/MGAD_Test/bin/Debug/MGAD_Test.DLL" adapterTypeName="Microsoft.VisualStudio.TestTools.TestTypes.Unit.UnitTestAdapter, Microsoft.VisualStudio.QualityTools.Tips.UnitTest.Adapter, Version=10.0.0.0, Culture=neutral, PublicKeyToken=b03f5f7f11d50a3a" className="MGAD_Test.AdministradorTests, MGAD_Test, Version=1.0.0.0, Culture=neutral, PublicKeyToken=null" name="Dado_Um_Administrador_Ao_Cadastrar_Um_Colaborador_Deve_Associar_A_Um_Gestor" />
    </UnitTest>
    <UnitTest name="Dado_Um_Processo_De_Avaliacao_De_Desempenho_Ao_Ser_Criado_Deve_Associar_Tres_Avaliacoes" storage="c:\documentos\puc\td2\mgad_tdd2\mgad_test\bin\debug\mgad_test.dll" id="4f68d635-d8f4-19b3-87d6-a25e7b7a182f">
      <Execution id="235824d3-b1e0-4dc2-9005-52eac0a716c7" />
      <TestMethod codeBase="C:/Documentos/PUC/TD2/MGAD_TDD2/MGAD_Test/bin/Debug/MGAD_Test.DLL" adapterTypeName="Microsoft.VisualStudio.TestTools.TestTypes.Unit.UnitTestAdapter, Microsoft.VisualStudio.QualityTools.Tips.UnitTest.Adapter, Version=10.0.0.0, Culture=neutral, PublicKeyToken=b03f5f7f11d50a3a" className="MGAD_Test.ProcessoDeAvaliacaoTests, MGAD_Test, Version=1.0.0.0, Culture=neutral, PublicKeyToken=null" name="Dado_Um_Processo_De_Avaliacao_De_Desempenho_Ao_Ser_Criado_Deve_Associar_Tres_Avaliacoes" />
    </UnitTest>
    <UnitTest name="Dado_Um_Processo_De_Avaliacao_De_Desempenho_Ao_Ser_Criado_Deve_Possuir_Uma_Avaliacao_Do_Gestor" storage="c:\documentos\puc\td2\mgad_tdd2\mgad_test\bin\debug\mgad_test.dll" id="0d1ada27-015d-3e82-a33c-625242a7e1d6">
      <Execution id="32b1529a-9ba7-4f59-a6eb-edb819d74c4f" />
      <TestMethod codeBase="C:/Documentos/PUC/TD2/MGAD_TDD2/MGAD_Test/bin/Debug/MGAD_Test.DLL" adapterTypeName="Microsoft.VisualStudio.TestTools.TestTypes.Unit.UnitTestAdapter, Microsoft.VisualStudio.QualityTools.Tips.UnitTest.Adapter, Version=10.0.0.0, Culture=neutral, PublicKeyToken=b03f5f7f11d50a3a" className="MGAD_Test.ProcessoDeAvaliacaoTests, MGAD_Test, Version=1.0.0.0, Culture=neutral, PublicKeyToken=null" name="Dado_Um_Processo_De_Avaliacao_De_Desempenho_Ao_Ser_Criado_Deve_Possuir_Uma_Avaliacao_Do_Gestor" />
    </UnitTest>
    <UnitTest name="Dado_Um_Comportamento_Ao_Ser_Criado_Deve_Associar_A_Algum_Grupo_De_Comportamentos" storage="c:\documentos\puc\td2\mgad_tdd2\mgad_test\bin\debug\mgad_test.dll" id="08e53e63-0c77-376a-664d-7136d9762ca2">
      <Execution id="9dbae78e-a491-45bd-85c5-92ddd51fb717" />
      <TestMethod codeBase="C:/Documentos/PUC/TD2/MGAD_TDD2/MGAD_Test/bin/Debug/MGAD_Test.DLL" adapterTypeName="Microsoft.VisualStudio.TestTools.TestTypes.Unit.UnitTestAdapter, Microsoft.VisualStudio.QualityTools.Tips.UnitTest.Adapter, Version=10.0.0.0, Culture=neutral, PublicKeyToken=b03f5f7f11d50a3a" className="MGAD_Test.ComportamentoTests, MGAD_Test, Version=1.0.0.0, Culture=neutral, PublicKeyToken=null" name="Dado_Um_Comportamento_Ao_Ser_Criado_Deve_Associar_A_Algum_Grupo_De_Comportamentos" />
    </UnitTest>
  </TestDefinitions>
  <TestLists>
    <TestList name="Results Not in a List" id="8c84fa94-04c1-424b-9868-57a2d4851a1d" />
    <TestList name="All Loaded Results" id="19431567-8539-422a-85d7-44ee4e166bda" />
  </TestLists>
  <TestEntries>
    <TestEntry testId="08e53e63-0c77-376a-664d-7136d9762ca2" executionId="9dbae78e-a491-45bd-85c5-92ddd51fb717" testListId="8c84fa94-04c1-424b-9868-57a2d4851a1d" />
    <TestEntry testId="0d1ada27-015d-3e82-a33c-625242a7e1d6" executionId="32b1529a-9ba7-4f59-a6eb-edb819d74c4f" testListId="8c84fa94-04c1-424b-9868-57a2d4851a1d" />
    <TestEntry testId="27b0ac42-758b-a300-a6b1-4508d4d74d71" executionId="7ece2679-9cac-42da-b77a-015b432c5a77" testListId="8c84fa94-04c1-424b-9868-57a2d4851a1d" />
    <TestEntry testId="3db214db-b15d-849f-ddbb-5c0abb93555d" executionId="63509d7c-1734-4451-b6b8-ce8820e5df82" testListId="8c84fa94-04c1-424b-9868-57a2d4851a1d" />
    <TestEntry testId="42ae5b82-3ba3-50c7-82b7-031fdce7c046" executionId="4fef1b8c-f488-4826-a89e-2dae54ca6180" testListId="8c84fa94-04c1-424b-9868-57a2d4851a1d" />
    <TestEntry testId="4d68059a-3c7b-32c6-9d31-a1659f5a063e" executionId="d6eb12de-b948-4927-a619-05259e758354" testListId="8c84fa94-04c1-424b-9868-57a2d4851a1d" />
    <TestEntry testId="4f68d635-d8f4-19b3-87d6-a25e7b7a182f" executionId="235824d3-b1e0-4dc2-9005-52eac0a716c7" testListId="8c84fa94-04c1-424b-9868-57a2d4851a1d" />
    <TestEntry testId="b302884f-4d03-cd71-1637-583337540a68" executionId="80daf49c-89ea-4c8e-ab1a-f13c05c0a48d" testListId="8c84fa94-04c1-424b-9868-57a2d4851a1d" />
  </TestEntries>
  <Results>
    <UnitTestResult executionId="9dbae78e-a491-45bd-85c5-92ddd51fb717" testId="08e53e63-0c77-376a-664d-7136d9762ca2" testName="Dado_Um_Comportamento_Ao_Ser_Criado_Deve_Associar_A_Algum_Grupo_De_Comportamentos" computerName="NDANIEL" duration="00:00:00.1486311" startTime="2011-10-26T00:44:49.1112793-02:00" endTime="2011-10-26T00:44:49.5503044-02:00" testType="13cdc9d9-ddb5-4fa4-a97d-d965ccfc6d4b" outcome="Passed" testListId="8c84fa94-04c1-424b-9868-57a2d4851a1d" relativeResultsDirectory="9dbae78e-a491-45bd-85c5-92ddd51fb717">
    </UnitTestResult>
    <UnitTestResult executionId="32b1529a-9ba7-4f59-a6eb-edb819d74c4f" testId="0d1ada27-015d-3e82-a33c-625242a7e1d6" testName="Dado_Um_Processo_De_Avaliacao_De_Desempenho_Ao_Ser_Criado_Deve_Possuir_Uma_Avaliacao_Do_Gestor" computerName="NDANIEL" duration="00:00:00.2113750" startTime="2011-10-26T00:44:49.5533046-02:00" endTime="2011-10-26T00:44:49.7693170-02:00" testType="13cdc9d9-ddb5-4fa4-a97d-d965ccfc6d4b" outcome="Passed" testListId="8c84fa94-04c1-424b-9868-57a2d4851a1d" relativeResultsDirectory="32b1529a-9ba7-4f59-a6eb-edb819d74c4f">
    </UnitTestResult>
    <UnitTestResult executionId="7ece2679-9cac-42da-b77a-015b432c5a77" testId="27b0ac42-758b-a300-a6b1-4508d4d74d71" testName="Dado_Um_Processo_De_Avaliacao_De_Desempenho_Ao_Ser_Criado_Deve_Estar_Associado_A_Um_Gestor" computerName="NDANIEL" duration="00:00:00.2647876" startTime="2011-10-26T00:44:49.7713171-02:00" endTime="2011-10-26T00:44:50.0403325-02:00" testType="13cdc9d9-ddb5-4fa4-a97d-d965ccfc6d4b" outcome="Passed" testListId="8c84fa94-04c1-424b-9868-57a2d4851a1d" relativeResultsDirectory="7ece2679-9cac-42da-b77a-015b432c5a77">
    </UnitTestResult>
    <UnitTestResult executionId="63509d7c-1734-4451-b6b8-ce8820e5df82" testId="3db214db-b15d-849f-ddbb-5c0abb93555d" testName="Dado_Uma_Avaliacao_Ao_Ser_Criada_Deve_Associar_A_Todos_Grupos_De_Comportamentos_Existentes" computerName="NDANIEL" duration="00:00:00.4011889" startTime="2011-10-26T00:44:50.0473329-02:00" endTime="2011-10-26T00:44:50.4523560-02:00" testType="13cdc9d9-ddb5-4fa4-a97d-d965ccfc6d4b" outcome="Passed" testListId="8c84fa94-04c1-424b-9868-57a2d4851a1d" relativeResultsDirectory="63509d7c-1734-4451-b6b8-ce8820e5df82">
    </UnitTestResult>
    <UnitTestResult executionId="4fef1b8c-f488-4826-a89e-2dae54ca6180" testId="42ae5b82-3ba3-50c7-82b7-031fdce7c046" testName="Dado_Um_Gestor_Ao_Ser_Solicitado_Deve_Exibir_Todos_Seus_Colaboradores_Subordinados" computerName="NDANIEL" duration="00:00:00.2225383" startTime="2011-10-26T00:44:50.4563563-02:00" endTime="2011-10-26T00:44:50.6853694-02:00" testType="13cdc9d9-ddb5-4fa4-a97d-d965ccfc6d4b" outcome="Passed" testListId="8c84fa94-04c1-424b-9868-57a2d4851a1d" relativeResultsDirectory="4fef1b8c-f488-4826-a89e-2dae54ca6180">
    </UnitTestResult>
    <UnitTestResult executionId="d6eb12de-b948-4927-a619-05259e758354" testId="4d68059a-3c7b-32c6-9d31-a1659f5a063e" testName="Dado_Um_Processo_De_Avaliacao_De_Desempenho_Ao_Ser_Criado_Deve_Possuir_Uma_Auto_Avaliacao" computerName="NDANIEL" duration="00:00:00.2353760" startTime="2011-10-26T00:44:50.6953699-02:00" endTime="2011-10-26T00:44:50.9363837-02:00" testType="13cdc9d9-ddb5-4fa4-a97d-d965ccfc6d4b" outcome="Passed" testListId="8c84fa94-04c1-424b-9868-57a2d4851a1d" relativeResultsDirectory="d6eb12de-b948-4927-a619-05259e758354">
    </UnitTestResult>
    <UnitTestResult executionId="235824d3-b1e0-4dc2-9005-52eac0a716c7" testId="4f68d635-d8f4-19b3-87d6-a25e7b7a182f" testName="Dado_Um_Processo_De_Avaliacao_De_Desempenho_Ao_Ser_Criado_Deve_Associar_Tres_Avaliacoes" computerName="NDANIEL" duration="00:00:00.2246230" startTime="2011-10-26T00:44:50.9393839-02:00" endTime="2011-10-26T00:44:51.1703971-02:00" testType="13cdc9d9-ddb5-4fa4-a97d-d965ccfc6d4b" outcome="Passed" testListId="8c84fa94-04c1-424b-9868-57a2d4851a1d" relativeResultsDirectory="235824d3-b1e0-4dc2-9005-52eac0a716c7">
    </UnitTestResult>
    <UnitTestResult executionId="80daf49c-89ea-4c8e-ab1a-f13c05c0a48d" testId="b302884f-4d03-cd71-1637-583337540a68" testName="Dado_Um_Administrador_Ao_Cadastrar_Um_Colaborador_Deve_Associar_A_Um_Gestor" computerName="NDANIEL" duration="00:00:00.0562486" startTime="2011-10-26T00:44:51.1753974-02:00" endTime="2011-10-26T00:44:51.2354008-02:00" testType="13cdc9d9-ddb5-4fa4-a97d-d965ccfc6d4b" outcome="Passed" testListId="8c84fa94-04c1-424b-9868-57a2d4851a1d" relativeResultsDirectory="80daf49c-89ea-4c8e-ab1a-f13c05c0a48d">
    </UnitTestResult>
  </Results>
</TestRun>