<?xml version="1.0" encoding="UTF-8"?>
<TestRun id="3cd6df9d-e747-4d76-be3a-d570f345ec5d" name="DANIEL@NDANIEL 2011-10-26 10:38:22" runUser="NDANIEL\DANIEL" xmlns="http://microsoft.com/schemas/VisualStudio/TeamTest/2010">
  <TestSettings name="Local" id="00656b24-79bd-4b63-882c-314f1b4727c1">
    <Description>These are default test settings for a local test run.</Description>
    <Deployment enabled="false" runDeploymentRoot="DANIEL_NDANIEL 2011-10-26 10_38_22">
      <DeploymentItem filename="C:\Documentos\PUC\TD2\MGAD_TDD2\MGAD_Model\bin\Debug\MGAD_Model.dll" />
    </Deployment>
    <Execution>
      <TestTypeSpecific />
      <AgentRule name="Execution Agents">
      </AgentRule>
    </Execution>
  </TestSettings>
  <Times creation="2011-10-26T10:38:22.5175239-02:00" queuing="2011-10-26T10:38:22.6465313-02:00" start="2011-10-26T10:38:22.6635323-02:00" finish="2011-10-26T10:38:25.2136781-02:00" />
  <ResultSummary outcome="Completed">
    <Counters total="9" executed="9" passed="9" error="0" failed="0" timeout="0" aborted="0" inconclusive="0" passedButRunAborted="0" notRunnable="0" notExecuted="0" disconnected="0" warning="0" completed="0" inProgress="0" pending="0" />
  </ResultSummary>
  <TestDefinitions>
    <UnitTest name="Dado_Uma_Avaliacao_Ao_Ser_Criada_Deve_Associar_A_Todos_Grupos_De_Comportamentos_Existentes" storage="c:\documentos\puc\td2\mgad_tdd2\mgad_test\bin\debug\mgad_test.dll" id="3db214db-b15d-849f-ddbb-5c0abb93555d">
      <Execution id="14a545ae-4df1-4700-838e-63eacf022cc7" />
      <TestMethod codeBase="C:/Documentos/PUC/TD2/MGAD_TDD2/MGAD_Test/bin/Debug/MGAD_Test.DLL" adapterTypeName="Microsoft.VisualStudio.TestTools.TestTypes.Unit.UnitTestAdapter, Microsoft.VisualStudio.QualityTools.Tips.UnitTest.Adapter, Version=10.0.0.0, Culture=neutral, PublicKeyToken=b03f5f7f11d50a3a" className="MGAD_Test.AvaliacaoTests, MGAD_Test, Version=1.0.0.0, Culture=neutral, PublicKeyToken=null" name="Dado_Uma_Avaliacao_Ao_Ser_Criada_Deve_Associar_A_Todos_Grupos_De_Comportamentos_Existentes" />
    </UnitTest>
    <UnitTest name="Dado_Um_Gestor_Ao_Ser_Solicitado_Deve_Exibir_Todos_Seus_Colaboradores_Subordinados" storage="c:\documentos\puc\td2\mgad_tdd2\mgad_test\bin\debug\mgad_test.dll" id="42ae5b82-3ba3-50c7-82b7-031fdce7c046">
      <Execution id="0893e2b8-79e3-469a-b05a-325f4924e341" />
      <TestMethod codeBase="C:/Documentos/PUC/TD2/MGAD_TDD2/MGAD_Test/bin/Debug/MGAD_Test.DLL" adapterTypeName="Microsoft.VisualStudio.TestTools.TestTypes.Unit.UnitTestAdapter, Microsoft.VisualStudio.QualityTools.Tips.UnitTest.Adapter, Version=10.0.0.0, Culture=neutral, PublicKeyToken=b03f5f7f11d50a3a" className="MGAD_Test.GestorTests, MGAD_Test, Version=1.0.0.0, Culture=neutral, PublicKeyToken=null" name="Dado_Um_Gestor_Ao_Ser_Solicitado_Deve_Exibir_Todos_Seus_Colaboradores_Subordinados" />
    </UnitTest>
    <UnitTest name="Dado_Um_Processo_De_Avaliacao_De_Desempenho_Ao_Ser_Criado_Deve_Estar_Associado_A_Um_Gestor" storage="c:\documentos\puc\td2\mgad_tdd2\mgad_test\bin\debug\mgad_test.dll" id="27b0ac42-758b-a300-a6b1-4508d4d74d71">
      <Execution id="896980cc-f54b-419b-a603-b6a48d0b0fca" />
      <TestMethod codeBase="C:/Documentos/PUC/TD2/MGAD_TDD2/MGAD_Test/bin/Debug/MGAD_Test.DLL" adapterTypeName="Microsoft.VisualStudio.TestTools.TestTypes.Unit.UnitTestAdapter, Microsoft.VisualStudio.QualityTools.Tips.UnitTest.Adapter, Version=10.0.0.0, Culture=neutral, PublicKeyToken=b03f5f7f11d50a3a" className="MGAD_Test.ProcessoDeAvaliacaoTests, MGAD_Test, Version=1.0.0.0, Culture=neutral, PublicKeyToken=null" name="Dado_Um_Processo_De_Avaliacao_De_Desempenho_Ao_Ser_Criado_Deve_Estar_Associado_A_Um_Gestor" />
    </UnitTest>
    <UnitTest name="Dado_Um_Processo_De_Avaliacao_De_Desempenho_Ao_Ser_Criado_Deve_Possuir_Uma_Auto_Avaliacao" storage="c:\documentos\puc\td2\mgad_tdd2\mgad_test\bin\debug\mgad_test.dll" id="4d68059a-3c7b-32c6-9d31-a1659f5a063e">
      <Execution id="f52655c1-c7ed-4cf7-82a0-67771de6ae08" />
      <TestMethod codeBase="C:/Documentos/PUC/TD2/MGAD_TDD2/MGAD_Test/bin/Debug/MGAD_Test.DLL" adapterTypeName="Microsoft.VisualStudio.TestTools.TestTypes.Unit.UnitTestAdapter, Microsoft.VisualStudio.QualityTools.Tips.UnitTest.Adapter, Version=10.0.0.0, Culture=neutral, PublicKeyToken=b03f5f7f11d50a3a" className="MGAD_Test.ProcessoDeAvaliacaoTests, MGAD_Test, Version=1.0.0.0, Culture=neutral, PublicKeyToken=null" name="Dado_Um_Processo_De_Avaliacao_De_Desempenho_Ao_Ser_Criado_Deve_Possuir_Uma_Auto_Avaliacao" />
    </UnitTest>
    <UnitTest name="Dado_Um_Administrador_Ao_Cadastrar_Um_Colaborador_Deve_Associar_A_Um_Gestor" storage="c:\documentos\puc\td2\mgad_tdd2\mgad_test\bin\debug\mgad_test.dll" id="b302884f-4d03-cd71-1637-583337540a68">
      <Execution id="dba7a5be-134b-4dc6-819e-79676d119346" />
      <TestMethod codeBase="C:/Documentos/PUC/TD2/MGAD_TDD2/MGAD_Test/bin/Debug/MGAD_Test.DLL" adapterTypeName="Microsoft.VisualStudio.TestTools.TestTypes.Unit.UnitTestAdapter, Microsoft.VisualStudio.QualityTools.Tips.UnitTest.Adapter, Version=10.0.0.0, Culture=neutral, PublicKeyToken=b03f5f7f11d50a3a" className="MGAD_Test.AdministradorTests, MGAD_Test, Version=1.0.0.0, Culture=neutral, PublicKeyToken=null" name="Dado_Um_Administrador_Ao_Cadastrar_Um_Colaborador_Deve_Associar_A_Um_Gestor" />
    </UnitTest>
    <UnitTest name="Dada_Uma_Avaliacao_Ao_Ser_Criada_Deve_Possuir_Status_Em_Aberto" storage="c:\documentos\puc\td2\mgad_tdd2\mgad_test\bin\debug\mgad_test.dll" id="994cc82c-a6c1-7fcc-8ed5-0bfc4f8aeb21">
      <Execution id="5bd901a8-fc95-4fcb-a997-b132e846966d" />
      <TestMethod codeBase="C:/Documentos/PUC/TD2/MGAD_TDD2/MGAD_Test/bin/Debug/MGAD_Test.DLL" adapterTypeName="Microsoft.VisualStudio.TestTools.TestTypes.Unit.UnitTestAdapter, Microsoft.VisualStudio.QualityTools.Tips.UnitTest.Adapter, Version=10.0.0.0, Culture=neutral, PublicKeyToken=b03f5f7f11d50a3a" className="MGAD_Test.AvaliacaoTests, MGAD_Test, Version=1.0.0.0, Culture=neutral, PublicKeyToken=null" name="Dada_Uma_Avaliacao_Ao_Ser_Criada_Deve_Possuir_Status_Em_Aberto" />
    </UnitTest>
    <UnitTest name="Dado_Um_Processo_De_Avaliacao_De_Desempenho_Ao_Ser_Criado_Deve_Associar_Tres_Avaliacoes" storage="c:\documentos\puc\td2\mgad_tdd2\mgad_test\bin\debug\mgad_test.dll" id="4f68d635-d8f4-19b3-87d6-a25e7b7a182f">
      <Execution id="8027dda4-d994-4337-88ed-430c36dc97ff" />
      <TestMethod codeBase="C:/Documentos/PUC/TD2/MGAD_TDD2/MGAD_Test/bin/Debug/MGAD_Test.DLL" adapterTypeName="Microsoft.VisualStudio.TestTools.TestTypes.Unit.UnitTestAdapter, Microsoft.VisualStudio.QualityTools.Tips.UnitTest.Adapter, Version=10.0.0.0, Culture=neutral, PublicKeyToken=b03f5f7f11d50a3a" className="MGAD_Test.ProcessoDeAvaliacaoTests, MGAD_Test, Version=1.0.0.0, Culture=neutral, PublicKeyToken=null" name="Dado_Um_Processo_De_Avaliacao_De_Desempenho_Ao_Ser_Criado_Deve_Associar_Tres_Avaliacoes" />
    </UnitTest>
    <UnitTest name="Dado_Um_Processo_De_Avaliacao_De_Desempenho_Ao_Ser_Criado_Deve_Possuir_Uma_Avaliacao_Do_Gestor" storage="c:\documentos\puc\td2\mgad_tdd2\mgad_test\bin\debug\mgad_test.dll" id="0d1ada27-015d-3e82-a33c-625242a7e1d6">
      <Execution id="023810b7-87ec-4fc0-8c49-b1c461193b5e" />
      <TestMethod codeBase="C:/Documentos/PUC/TD2/MGAD_TDD2/MGAD_Test/bin/Debug/MGAD_Test.DLL" adapterTypeName="Microsoft.VisualStudio.TestTools.TestTypes.Unit.UnitTestAdapter, Microsoft.VisualStudio.QualityTools.Tips.UnitTest.Adapter, Version=10.0.0.0, Culture=neutral, PublicKeyToken=b03f5f7f11d50a3a" className="MGAD_Test.ProcessoDeAvaliacaoTests, MGAD_Test, Version=1.0.0.0, Culture=neutral, PublicKeyToken=null" name="Dado_Um_Processo_De_Avaliacao_De_Desempenho_Ao_Ser_Criado_Deve_Possuir_Uma_Avaliacao_Do_Gestor" />
    </UnitTest>
    <UnitTest name="Dado_Um_Comportamento_Ao_Ser_Criado_Deve_Associar_A_Algum_Grupo_De_Comportamentos" storage="c:\documentos\puc\td2\mgad_tdd2\mgad_test\bin\debug\mgad_test.dll" id="08e53e63-0c77-376a-664d-7136d9762ca2">
      <Execution id="4f425341-8cd9-4414-bb6f-921b67395072" />
      <TestMethod codeBase="C:/Documentos/PUC/TD2/MGAD_TDD2/MGAD_Test/bin/Debug/MGAD_Test.DLL" adapterTypeName="Microsoft.VisualStudio.TestTools.TestTypes.Unit.UnitTestAdapter, Microsoft.VisualStudio.QualityTools.Tips.UnitTest.Adapter, Version=10.0.0.0, Culture=neutral, PublicKeyToken=b03f5f7f11d50a3a" className="MGAD_Test.ComportamentoTests, MGAD_Test, Version=1.0.0.0, Culture=neutral, PublicKeyToken=null" name="Dado_Um_Comportamento_Ao_Ser_Criado_Deve_Associar_A_Algum_Grupo_De_Comportamentos" />
    </UnitTest>
  </TestDefinitions>
  <TestLists>
    <TestList name="Results Not in a List" id="8c84fa94-04c1-424b-9868-57a2d4851a1d" />
    <TestList name="All Loaded Results" id="19431567-8539-422a-85d7-44ee4e166bda" />
  </TestLists>
  <TestEntries>
    <TestEntry testId="08e53e63-0c77-376a-664d-7136d9762ca2" executionId="4f425341-8cd9-4414-bb6f-921b67395072" testListId="8c84fa94-04c1-424b-9868-57a2d4851a1d" />
    <TestEntry testId="0d1ada27-015d-3e82-a33c-625242a7e1d6" executionId="023810b7-87ec-4fc0-8c49-b1c461193b5e" testListId="8c84fa94-04c1-424b-9868-57a2d4851a1d" />
    <TestEntry testId="27b0ac42-758b-a300-a6b1-4508d4d74d71" executionId="896980cc-f54b-419b-a603-b6a48d0b0fca" testListId="8c84fa94-04c1-424b-9868-57a2d4851a1d" />
    <TestEntry testId="3db214db-b15d-849f-ddbb-5c0abb93555d" executionId="14a545ae-4df1-4700-838e-63eacf022cc7" testListId="8c84fa94-04c1-424b-9868-57a2d4851a1d" />
    <TestEntry testId="42ae5b82-3ba3-50c7-82b7-031fdce7c046" executionId="0893e2b8-79e3-469a-b05a-325f4924e341" testListId="8c84fa94-04c1-424b-9868-57a2d4851a1d" />
    <TestEntry testId="4d68059a-3c7b-32c6-9d31-a1659f5a063e" executionId="f52655c1-c7ed-4cf7-82a0-67771de6ae08" testListId="8c84fa94-04c1-424b-9868-57a2d4851a1d" />
    <TestEntry testId="4f68d635-d8f4-19b3-87d6-a25e7b7a182f" executionId="8027dda4-d994-4337-88ed-430c36dc97ff" testListId="8c84fa94-04c1-424b-9868-57a2d4851a1d" />
    <TestEntry testId="994cc82c-a6c1-7fcc-8ed5-0bfc4f8aeb21" executionId="5bd901a8-fc95-4fcb-a997-b132e846966d" testListId="8c84fa94-04c1-424b-9868-57a2d4851a1d" />
    <TestEntry testId="b302884f-4d03-cd71-1637-583337540a68" executionId="dba7a5be-134b-4dc6-819e-79676d119346" testListId="8c84fa94-04c1-424b-9868-57a2d4851a1d" />
  </TestEntries>
  <Results>
    <UnitTestResult executionId="4f425341-8cd9-4414-bb6f-921b67395072" testId="08e53e63-0c77-376a-664d-7136d9762ca2" testName="Dado_Um_Comportamento_Ao_Ser_Criado_Deve_Associar_A_Algum_Grupo_De_Comportamentos" computerName="NDANIEL" duration="00:00:00.1618881" startTime="2011-10-26T10:38:22.6775331-02:00" endTime="2011-10-26T10:38:23.0775560-02:00" testType="13cdc9d9-ddb5-4fa4-a97d-d965ccfc6d4b" outcome="Passed" testListId="8c84fa94-04c1-424b-9868-57a2d4851a1d" relativeResultsDirectory="4f425341-8cd9-4414-bb6f-921b67395072">
    </UnitTestResult>
    <UnitTestResult executionId="023810b7-87ec-4fc0-8c49-b1c461193b5e" testId="0d1ada27-015d-3e82-a33c-625242a7e1d6" testName="Dado_Um_Processo_De_Avaliacao_De_Desempenho_Ao_Ser_Criado_Deve_Possuir_Uma_Avaliacao_Do_Gestor" computerName="NDANIEL" duration="00:00:00.2002643" startTime="2011-10-26T10:38:23.0805561-02:00" endTime="2011-10-26T10:38:23.2845678-02:00" testType="13cdc9d9-ddb5-4fa4-a97d-d965ccfc6d4b" outcome="Passed" testListId="8c84fa94-04c1-424b-9868-57a2d4851a1d" relativeResultsDirectory="023810b7-87ec-4fc0-8c49-b1c461193b5e">
    </UnitTestResult>
    <UnitTestResult executionId="896980cc-f54b-419b-a603-b6a48d0b0fca" testId="27b0ac42-758b-a300-a6b1-4508d4d74d71" testName="Dado_Um_Processo_De_Avaliacao_De_Desempenho_Ao_Ser_Criado_Deve_Estar_Associado_A_Um_Gestor" computerName="NDANIEL" duration="00:00:00.2984497" startTime="2011-10-26T10:38:23.2875680-02:00" endTime="2011-10-26T10:38:23.5895852-02:00" testType="13cdc9d9-ddb5-4fa4-a97d-d965ccfc6d4b" outcome="Passed" testListId="8c84fa94-04c1-424b-9868-57a2d4851a1d" relativeResultsDirectory="896980cc-f54b-419b-a603-b6a48d0b0fca">
    </UnitTestResult>
    <UnitTestResult executionId="14a545ae-4df1-4700-838e-63eacf022cc7" testId="3db214db-b15d-849f-ddbb-5c0abb93555d" testName="Dado_Uma_Avaliacao_Ao_Ser_Criada_Deve_Associar_A_Todos_Grupos_De_Comportamentos_Existentes" computerName="NDANIEL" duration="00:00:00.4186043" startTime="2011-10-26T10:38:23.5925854-02:00" endTime="2011-10-26T10:38:24.0166097-02:00" testType="13cdc9d9-ddb5-4fa4-a97d-d965ccfc6d4b" outcome="Passed" testListId="8c84fa94-04c1-424b-9868-57a2d4851a1d" relativeResultsDirectory="14a545ae-4df1-4700-838e-63eacf022cc7">
    </UnitTestResult>
    <UnitTestResult executionId="0893e2b8-79e3-469a-b05a-325f4924e341" testId="42ae5b82-3ba3-50c7-82b7-031fdce7c046" testName="Dado_Um_Gestor_Ao_Ser_Solicitado_Deve_Exibir_Todos_Seus_Colaboradores_Subordinados" computerName="NDANIEL" duration="00:00:00.1627427" startTime="2011-10-26T10:38:24.0236101-02:00" endTime="2011-10-26T10:38:24.1966200-02:00" testType="13cdc9d9-ddb5-4fa4-a97d-d965ccfc6d4b" outcome="Passed" testListId="8c84fa94-04c1-424b-9868-57a2d4851a1d" relativeResultsDirectory="0893e2b8-79e3-469a-b05a-325f4924e341">
    </UnitTestResult>
    <UnitTestResult executionId="f52655c1-c7ed-4cf7-82a0-67771de6ae08" testId="4d68059a-3c7b-32c6-9d31-a1659f5a063e" testName="Dado_Um_Processo_De_Avaliacao_De_Desempenho_Ao_Ser_Criado_Deve_Possuir_Uma_Auto_Avaliacao" computerName="NDANIEL" duration="00:00:00.2751693" startTime="2011-10-26T10:38:24.1996201-02:00" endTime="2011-10-26T10:38:24.4786361-02:00" testType="13cdc9d9-ddb5-4fa4-a97d-d965ccfc6d4b" outcome="Passed" testListId="8c84fa94-04c1-424b-9868-57a2d4851a1d" relativeResultsDirectory="f52655c1-c7ed-4cf7-82a0-67771de6ae08">
    </UnitTestResult>
    <UnitTestResult executionId="8027dda4-d994-4337-88ed-430c36dc97ff" testId="4f68d635-d8f4-19b3-87d6-a25e7b7a182f" testName="Dado_Um_Processo_De_Avaliacao_De_Desempenho_Ao_Ser_Criado_Deve_Associar_Tres_Avaliacoes" computerName="NDANIEL" duration="00:00:00.2598018" startTime="2011-10-26T10:38:24.4826363-02:00" endTime="2011-10-26T10:38:24.7496516-02:00" testType="13cdc9d9-ddb5-4fa4-a97d-d965ccfc6d4b" outcome="Passed" testListId="8c84fa94-04c1-424b-9868-57a2d4851a1d" relativeResultsDirectory="8027dda4-d994-4337-88ed-430c36dc97ff">
    </UnitTestResult>
    <UnitTestResult executionId="5bd901a8-fc95-4fcb-a997-b132e846966d" testId="994cc82c-a6c1-7fcc-8ed5-0bfc4f8aeb21" testName="Dada_Uma_Avaliacao_Ao_Ser_Criada_Deve_Possuir_Status_Em_Aberto" computerName="NDANIEL" duration="00:00:00.3080849" startTime="2011-10-26T10:38:24.7516517-02:00" endTime="2011-10-26T10:38:25.0636695-02:00" testType="13cdc9d9-ddb5-4fa4-a97d-d965ccfc6d4b" outcome="Passed" testListId="8c84fa94-04c1-424b-9868-57a2d4851a1d" relativeResultsDirectory="5bd901a8-fc95-4fcb-a997-b132e846966d">
    </UnitTestResult>
    <UnitTestResult executionId="dba7a5be-134b-4dc6-819e-79676d119346" testId="b302884f-4d03-cd71-1637-583337540a68" testName="Dado_Um_Administrador_Ao_Cadastrar_Um_Colaborador_Deve_Associar_A_Um_Gestor" computerName="NDANIEL" duration="00:00:00.0871208" startTime="2011-10-26T10:38:25.0666697-02:00" endTime="2011-10-26T10:38:25.1586750-02:00" testType="13cdc9d9-ddb5-4fa4-a97d-d965ccfc6d4b" outcome="Passed" testListId="8c84fa94-04c1-424b-9868-57a2d4851a1d" relativeResultsDirectory="dba7a5be-134b-4dc6-819e-79676d119346">
    </UnitTestResult>
  </Results>
</TestRun>