<?xml version="1.0" encoding="UTF-8"?>
<TestRun id="d4e4c3e2-aa16-4ca5-894d-9748c5c8cfda" name="DANIEL@NDANIEL 2011-10-26 10:24:32" runUser="NDANIEL\DANIEL" xmlns="http://microsoft.com/schemas/VisualStudio/TeamTest/2010">
  <TestSettings name="Local" id="00656b24-79bd-4b63-882c-314f1b4727c1">
    <Description>These are default test settings for a local test run.</Description>
    <Deployment enabled="false" runDeploymentRoot="DANIEL_NDANIEL 2011-10-26 10_24_32">
      <DeploymentItem filename="C:\Documentos\PUC\TD2\MGAD_TDD2\MGAD_Model\bin\Debug\MGAD_Model.dll" />
    </Deployment>
    <Execution>
      <TestTypeSpecific />
      <AgentRule name="Execution Agents">
      </AgentRule>
    </Execution>
  </TestSettings>
  <Times creation="2011-10-26T10:24:32.7930664-02:00" queuing="2011-10-26T10:24:32.8490696-02:00" start="2011-10-26T10:24:32.8740710-02:00" finish="2011-10-26T10:24:35.0701966-02:00" />
  <ResultSummary outcome="Completed">
    <Counters total="8" executed="8" passed="8" error="0" failed="0" timeout="0" aborted="0" inconclusive="0" passedButRunAborted="0" notRunnable="0" notExecuted="0" disconnected="0" warning="0" completed="0" inProgress="0" pending="0" />
  </ResultSummary>
  <TestDefinitions>
    <UnitTest name="Dado_Uma_Avaliacao_Ao_Ser_Criada_Deve_Associar_A_Todos_Grupos_De_Comportamentos_Existentes" storage="c:\documentos\puc\td2\mgad_tdd2\mgad_test\bin\debug\mgad_test.dll" id="3db214db-b15d-849f-ddbb-5c0abb93555d">
      <Execution id="a0770234-91ab-4bae-902f-be13b565dd6b" />
      <TestMethod codeBase="C:/Documentos/PUC/TD2/MGAD_TDD2/MGAD_Test/bin/Debug/MGAD_Test.DLL" adapterTypeName="Microsoft.VisualStudio.TestTools.TestTypes.Unit.UnitTestAdapter, Microsoft.VisualStudio.QualityTools.Tips.UnitTest.Adapter, Version=10.0.0.0, Culture=neutral, PublicKeyToken=b03f5f7f11d50a3a" className="MGAD_Test.AvaliacaoTests, MGAD_Test, Version=1.0.0.0, Culture=neutral, PublicKeyToken=null" name="Dado_Uma_Avaliacao_Ao_Ser_Criada_Deve_Associar_A_Todos_Grupos_De_Comportamentos_Existentes" />
    </UnitTest>
    <UnitTest name="Dado_Um_Gestor_Ao_Ser_Solicitado_Deve_Exibir_Todos_Seus_Colaboradores_Subordinados" storage="c:\documentos\puc\td2\mgad_tdd2\mgad_test\bin\debug\mgad_test.dll" id="42ae5b82-3ba3-50c7-82b7-031fdce7c046">
      <Execution id="fb45854e-0fbc-4d8b-ba33-ffc4a7804949" />
      <TestMethod codeBase="C:/Documentos/PUC/TD2/MGAD_TDD2/MGAD_Test/bin/Debug/MGAD_Test.DLL" adapterTypeName="Microsoft.VisualStudio.TestTools.TestTypes.Unit.UnitTestAdapter, Microsoft.VisualStudio.QualityTools.Tips.UnitTest.Adapter, Version=10.0.0.0, Culture=neutral, PublicKeyToken=b03f5f7f11d50a3a" className="MGAD_Test.GestorTests, MGAD_Test, Version=1.0.0.0, Culture=neutral, PublicKeyToken=null" name="Dado_Um_Gestor_Ao_Ser_Solicitado_Deve_Exibir_Todos_Seus_Colaboradores_Subordinados" />
    </UnitTest>
    <UnitTest name="Dado_Um_Processo_De_Avaliacao_De_Desempenho_Ao_Ser_Criado_Deve_Estar_Associado_A_Um_Gestor" storage="c:\documentos\puc\td2\mgad_tdd2\mgad_test\bin\debug\mgad_test.dll" id="27b0ac42-758b-a300-a6b1-4508d4d74d71">
      <Execution id="770989a4-7f01-407e-acc8-da8bd2ea8aa5" />
      <TestMethod codeBase="C:/Documentos/PUC/TD2/MGAD_TDD2/MGAD_Test/bin/Debug/MGAD_Test.DLL" adapterTypeName="Microsoft.VisualStudio.TestTools.TestTypes.Unit.UnitTestAdapter, Microsoft.VisualStudio.QualityTools.Tips.UnitTest.Adapter, Version=10.0.0.0, Culture=neutral, PublicKeyToken=b03f5f7f11d50a3a" className="MGAD_Test.ProcessoDeAvaliacaoTests, MGAD_Test, Version=1.0.0.0, Culture=neutral, PublicKeyToken=null" name="Dado_Um_Processo_De_Avaliacao_De_Desempenho_Ao_Ser_Criado_Deve_Estar_Associado_A_Um_Gestor" />
    </UnitTest>
    <UnitTest name="Dado_Um_Processo_De_Avaliacao_De_Desempenho_Ao_Ser_Criado_Deve_Possuir_Uma_Auto_Avaliacao" storage="c:\documentos\puc\td2\mgad_tdd2\mgad_test\bin\debug\mgad_test.dll" id="4d68059a-3c7b-32c6-9d31-a1659f5a063e">
      <Execution id="271f4bae-37c0-4af7-b07f-5e1689d5dbaa" />
      <TestMethod codeBase="C:/Documentos/PUC/TD2/MGAD_TDD2/MGAD_Test/bin/Debug/MGAD_Test.DLL" adapterTypeName="Microsoft.VisualStudio.TestTools.TestTypes.Unit.UnitTestAdapter, Microsoft.VisualStudio.QualityTools.Tips.UnitTest.Adapter, Version=10.0.0.0, Culture=neutral, PublicKeyToken=b03f5f7f11d50a3a" className="MGAD_Test.ProcessoDeAvaliacaoTests, MGAD_Test, Version=1.0.0.0, Culture=neutral, PublicKeyToken=null" name="Dado_Um_Processo_De_Avaliacao_De_Desempenho_Ao_Ser_Criado_Deve_Possuir_Uma_Auto_Avaliacao" />
    </UnitTest>
    <UnitTest name="Dado_Um_Administrador_Ao_Cadastrar_Um_Colaborador_Deve_Associar_A_Um_Gestor" storage="c:\documentos\puc\td2\mgad_tdd2\mgad_test\bin\debug\mgad_test.dll" id="b302884f-4d03-cd71-1637-583337540a68">
      <Execution id="2768b1e3-aa05-40d8-85e4-9d3b3d973b44" />
      <TestMethod codeBase="C:/Documentos/PUC/TD2/MGAD_TDD2/MGAD_Test/bin/Debug/MGAD_Test.DLL" adapterTypeName="Microsoft.VisualStudio.TestTools.TestTypes.Unit.UnitTestAdapter, Microsoft.VisualStudio.QualityTools.Tips.UnitTest.Adapter, Version=10.0.0.0, Culture=neutral, PublicKeyToken=b03f5f7f11d50a3a" className="MGAD_Test.AdministradorTests, MGAD_Test, Version=1.0.0.0, Culture=neutral, PublicKeyToken=null" name="Dado_Um_Administrador_Ao_Cadastrar_Um_Colaborador_Deve_Associar_A_Um_Gestor" />
    </UnitTest>
    <UnitTest name="Dado_Um_Processo_De_Avaliacao_De_Desempenho_Ao_Ser_Criado_Deve_Associar_Tres_Avaliacoes" storage="c:\documentos\puc\td2\mgad_tdd2\mgad_test\bin\debug\mgad_test.dll" id="4f68d635-d8f4-19b3-87d6-a25e7b7a182f">
      <Execution id="a69bf619-1f8e-4cc3-bdd6-d9ef6859a461" />
      <TestMethod codeBase="C:/Documentos/PUC/TD2/MGAD_TDD2/MGAD_Test/bin/Debug/MGAD_Test.DLL" adapterTypeName="Microsoft.VisualStudio.TestTools.TestTypes.Unit.UnitTestAdapter, Microsoft.VisualStudio.QualityTools.Tips.UnitTest.Adapter, Version=10.0.0.0, Culture=neutral, PublicKeyToken=b03f5f7f11d50a3a" className="MGAD_Test.ProcessoDeAvaliacaoTests, MGAD_Test, Version=1.0.0.0, Culture=neutral, PublicKeyToken=null" name="Dado_Um_Processo_De_Avaliacao_De_Desempenho_Ao_Ser_Criado_Deve_Associar_Tres_Avaliacoes" />
    </UnitTest>
    <UnitTest name="Dado_Um_Processo_De_Avaliacao_De_Desempenho_Ao_Ser_Criado_Deve_Possuir_Uma_Avaliacao_Do_Gestor" storage="c:\documentos\puc\td2\mgad_tdd2\mgad_test\bin\debug\mgad_test.dll" id="0d1ada27-015d-3e82-a33c-625242a7e1d6">
      <Execution id="b34b9578-a2ed-4ca6-9288-f15a55bb207b" />
      <TestMethod codeBase="C:/Documentos/PUC/TD2/MGAD_TDD2/MGAD_Test/bin/Debug/MGAD_Test.DLL" adapterTypeName="Microsoft.VisualStudio.TestTools.TestTypes.Unit.UnitTestAdapter, Microsoft.VisualStudio.QualityTools.Tips.UnitTest.Adapter, Version=10.0.0.0, Culture=neutral, PublicKeyToken=b03f5f7f11d50a3a" className="MGAD_Test.ProcessoDeAvaliacaoTests, MGAD_Test, Version=1.0.0.0, Culture=neutral, PublicKeyToken=null" name="Dado_Um_Processo_De_Avaliacao_De_Desempenho_Ao_Ser_Criado_Deve_Possuir_Uma_Avaliacao_Do_Gestor" />
    </UnitTest>
    <UnitTest name="Dado_Um_Comportamento_Ao_Ser_Criado_Deve_Associar_A_Algum_Grupo_De_Comportamentos" storage="c:\documentos\puc\td2\mgad_tdd2\mgad_test\bin\debug\mgad_test.dll" id="08e53e63-0c77-376a-664d-7136d9762ca2">
      <Execution id="c87846ba-2dee-477d-adad-0ef100127de1" />
      <TestMethod codeBase="C:/Documentos/PUC/TD2/MGAD_TDD2/MGAD_Test/bin/Debug/MGAD_Test.DLL" adapterTypeName="Microsoft.VisualStudio.TestTools.TestTypes.Unit.UnitTestAdapter, Microsoft.VisualStudio.QualityTools.Tips.UnitTest.Adapter, Version=10.0.0.0, Culture=neutral, PublicKeyToken=b03f5f7f11d50a3a" className="MGAD_Test.ComportamentoTests, MGAD_Test, Version=1.0.0.0, Culture=neutral, PublicKeyToken=null" name="Dado_Um_Comportamento_Ao_Ser_Criado_Deve_Associar_A_Algum_Grupo_De_Comportamentos" />
    </UnitTest>
  </TestDefinitions>
  <TestLists>
    <TestList name="Results Not in a List" id="8c84fa94-04c1-424b-9868-57a2d4851a1d" />
    <TestList name="All Loaded Results" id="19431567-8539-422a-85d7-44ee4e166bda" />
  </TestLists>
  <TestEntries>
    <TestEntry testId="08e53e63-0c77-376a-664d-7136d9762ca2" executionId="c87846ba-2dee-477d-adad-0ef100127de1" testListId="8c84fa94-04c1-424b-9868-57a2d4851a1d" />
    <TestEntry testId="0d1ada27-015d-3e82-a33c-625242a7e1d6" executionId="b34b9578-a2ed-4ca6-9288-f15a55bb207b" testListId="8c84fa94-04c1-424b-9868-57a2d4851a1d" />
    <TestEntry testId="27b0ac42-758b-a300-a6b1-4508d4d74d71" executionId="770989a4-7f01-407e-acc8-da8bd2ea8aa5" testListId="8c84fa94-04c1-424b-9868-57a2d4851a1d" />
    <TestEntry testId="3db214db-b15d-849f-ddbb-5c0abb93555d" executionId="a0770234-91ab-4bae-902f-be13b565dd6b" testListId="8c84fa94-04c1-424b-9868-57a2d4851a1d" />
    <TestEntry testId="42ae5b82-3ba3-50c7-82b7-031fdce7c046" executionId="fb45854e-0fbc-4d8b-ba33-ffc4a7804949" testListId="8c84fa94-04c1-424b-9868-57a2d4851a1d" />
    <TestEntry testId="4d68059a-3c7b-32c6-9d31-a1659f5a063e" executionId="271f4bae-37c0-4af7-b07f-5e1689d5dbaa" testListId="8c84fa94-04c1-424b-9868-57a2d4851a1d" />
    <TestEntry testId="4f68d635-d8f4-19b3-87d6-a25e7b7a182f" executionId="a69bf619-1f8e-4cc3-bdd6-d9ef6859a461" testListId="8c84fa94-04c1-424b-9868-57a2d4851a1d" />
    <TestEntry testId="b302884f-4d03-cd71-1637-583337540a68" executionId="2768b1e3-aa05-40d8-85e4-9d3b3d973b44" testListId="8c84fa94-04c1-424b-9868-57a2d4851a1d" />
  </TestEntries>
  <Results>
    <UnitTestResult executionId="c87846ba-2dee-477d-adad-0ef100127de1" testId="08e53e63-0c77-376a-664d-7136d9762ca2" testName="Dado_Um_Comportamento_Ao_Ser_Criado_Deve_Associar_A_Algum_Grupo_De_Comportamentos" computerName="NDANIEL" duration="00:00:00.1586354" startTime="2011-10-26T10:24:32.8770712-02:00" endTime="2011-10-26T10:24:33.2760940-02:00" testType="13cdc9d9-ddb5-4fa4-a97d-d965ccfc6d4b" outcome="Passed" testListId="8c84fa94-04c1-424b-9868-57a2d4851a1d" relativeResultsDirectory="c87846ba-2dee-477d-adad-0ef100127de1">
    </UnitTestResult>
    <UnitTestResult executionId="b34b9578-a2ed-4ca6-9288-f15a55bb207b" testId="0d1ada27-015d-3e82-a33c-625242a7e1d6" testName="Dado_Um_Processo_De_Avaliacao_De_Desempenho_Ao_Ser_Criado_Deve_Possuir_Uma_Avaliacao_Do_Gestor" computerName="NDANIEL" duration="00:00:00.2281143" startTime="2011-10-26T10:24:33.2790942-02:00" endTime="2011-10-26T10:24:33.5121075-02:00" testType="13cdc9d9-ddb5-4fa4-a97d-d965ccfc6d4b" outcome="Passed" testListId="8c84fa94-04c1-424b-9868-57a2d4851a1d" relativeResultsDirectory="b34b9578-a2ed-4ca6-9288-f15a55bb207b">
    </UnitTestResult>
    <UnitTestResult executionId="770989a4-7f01-407e-acc8-da8bd2ea8aa5" testId="27b0ac42-758b-a300-a6b1-4508d4d74d71" testName="Dado_Um_Processo_De_Avaliacao_De_Desempenho_Ao_Ser_Criado_Deve_Estar_Associado_A_Um_Gestor" computerName="NDANIEL" duration="00:00:00.2525614" startTime="2011-10-26T10:24:33.5151077-02:00" endTime="2011-10-26T10:24:33.7721224-02:00" testType="13cdc9d9-ddb5-4fa4-a97d-d965ccfc6d4b" outcome="Passed" testListId="8c84fa94-04c1-424b-9868-57a2d4851a1d" relativeResultsDirectory="770989a4-7f01-407e-acc8-da8bd2ea8aa5">
    </UnitTestResult>
    <UnitTestResult executionId="a0770234-91ab-4bae-902f-be13b565dd6b" testId="3db214db-b15d-849f-ddbb-5c0abb93555d" testName="Dado_Uma_Avaliacao_Ao_Ser_Criada_Deve_Associar_A_Todos_Grupos_De_Comportamentos_Existentes" computerName="NDANIEL" duration="00:00:00.3772776" startTime="2011-10-26T10:24:33.7751226-02:00" endTime="2011-10-26T10:24:34.1571444-02:00" testType="13cdc9d9-ddb5-4fa4-a97d-d965ccfc6d4b" outcome="Passed" testListId="8c84fa94-04c1-424b-9868-57a2d4851a1d" relativeResultsDirectory="a0770234-91ab-4bae-902f-be13b565dd6b">
    </UnitTestResult>
    <UnitTestResult executionId="fb45854e-0fbc-4d8b-ba33-ffc4a7804949" testId="42ae5b82-3ba3-50c7-82b7-031fdce7c046" testName="Dado_Um_Gestor_Ao_Ser_Solicitado_Deve_Exibir_Todos_Seus_Colaboradores_Subordinados" computerName="NDANIEL" duration="00:00:00.1843954" startTime="2011-10-26T10:24:34.1601446-02:00" endTime="2011-10-26T10:24:34.3491554-02:00" testType="13cdc9d9-ddb5-4fa4-a97d-d965ccfc6d4b" outcome="Passed" testListId="8c84fa94-04c1-424b-9868-57a2d4851a1d" relativeResultsDirectory="fb45854e-0fbc-4d8b-ba33-ffc4a7804949">
    </UnitTestResult>
    <UnitTestResult executionId="271f4bae-37c0-4af7-b07f-5e1689d5dbaa" testId="4d68059a-3c7b-32c6-9d31-a1659f5a063e" testName="Dado_Um_Processo_De_Avaliacao_De_Desempenho_Ao_Ser_Criado_Deve_Possuir_Uma_Auto_Avaliacao" computerName="NDANIEL" duration="00:00:00.2813236" startTime="2011-10-26T10:24:34.3521556-02:00" endTime="2011-10-26T10:24:34.6381719-02:00" testType="13cdc9d9-ddb5-4fa4-a97d-d965ccfc6d4b" outcome="Passed" testListId="8c84fa94-04c1-424b-9868-57a2d4851a1d" relativeResultsDirectory="271f4bae-37c0-4af7-b07f-5e1689d5dbaa">
    </UnitTestResult>
    <UnitTestResult executionId="a69bf619-1f8e-4cc3-bdd6-d9ef6859a461" testId="4f68d635-d8f4-19b3-87d6-a25e7b7a182f" testName="Dado_Um_Processo_De_Avaliacao_De_Desempenho_Ao_Ser_Criado_Deve_Associar_Tres_Avaliacoes" computerName="NDANIEL" duration="00:00:00.2913003" startTime="2011-10-26T10:24:34.6411721-02:00" endTime="2011-10-26T10:24:34.9371890-02:00" testType="13cdc9d9-ddb5-4fa4-a97d-d965ccfc6d4b" outcome="Passed" testListId="8c84fa94-04c1-424b-9868-57a2d4851a1d" relativeResultsDirectory="a69bf619-1f8e-4cc3-bdd6-d9ef6859a461">
    </UnitTestResult>
    <UnitTestResult executionId="2768b1e3-aa05-40d8-85e4-9d3b3d973b44" testId="b302884f-4d03-cd71-1637-583337540a68" testName="Dado_Um_Administrador_Ao_Cadastrar_Um_Colaborador_Deve_Associar_A_Um_Gestor" computerName="NDANIEL" duration="00:00:00.0906991" startTime="2011-10-26T10:24:34.9411893-02:00" endTime="2011-10-26T10:24:35.0361947-02:00" testType="13cdc9d9-ddb5-4fa4-a97d-d965ccfc6d4b" outcome="Passed" testListId="8c84fa94-04c1-424b-9868-57a2d4851a1d" relativeResultsDirectory="2768b1e3-aa05-40d8-85e4-9d3b3d973b44">
    </UnitTestResult>
  </Results>
</TestRun>