<?xml version="1.0" encoding="UTF-8"?>
<TestRun id="9205e2c1-3c9b-4ab0-8b75-848bb90d2a41" name="DANIEL@NDANIEL 2011-10-25 23:24:29" runUser="NDANIEL\DANIEL" xmlns="http://microsoft.com/schemas/VisualStudio/TeamTest/2010">
  <TestSettings name="Local" id="00656b24-79bd-4b63-882c-314f1b4727c1">
    <Description>These are default test settings for a local test run.</Description>
    <Deployment enabled="false" runDeploymentRoot="DANIEL_NDANIEL 2011-10-25 23_24_29">
      <DeploymentItem filename="C:\Documentos\PUC\TD2\MGAD_TDD2\MGAD_Model\bin\Debug\MGAD_Model.dll" />
    </Deployment>
    <Execution>
      <TestTypeSpecific />
      <AgentRule name="Execution Agents">
      </AgentRule>
    </Execution>
  </TestSettings>
  <Times creation="2011-10-25T23:24:29.4326095-02:00" queuing="2011-10-25T23:24:29.5166143-02:00" start="2011-10-25T23:24:29.5386155-02:00" finish="2011-10-25T23:24:31.8427473-02:00" />
  <ResultSummary outcome="Completed">
    <Counters total="8" executed="8" passed="8" error="0" failed="0" timeout="0" aborted="0" inconclusive="0" passedButRunAborted="0" notRunnable="0" notExecuted="0" disconnected="0" warning="0" completed="0" inProgress="0" pending="0" />
  </ResultSummary>
  <TestDefinitions>
    <UnitTest name="Dado_Uma_Avaliacao_Ao_Ser_Criada_Deve_Associar_A_Todos_Grupos_De_Comportamentos_Existentes" storage="c:\documentos\puc\td2\mgad_tdd2\mgad_test\bin\debug\mgad_test.dll" id="3db214db-b15d-849f-ddbb-5c0abb93555d">
      <Execution id="775515f0-be5a-40c8-8bd6-8d50a0c3143d" />
      <TestMethod codeBase="C:/Documentos/PUC/TD2/MGAD_TDD2/MGAD_Test/bin/Debug/MGAD_Test.DLL" adapterTypeName="Microsoft.VisualStudio.TestTools.TestTypes.Unit.UnitTestAdapter, Microsoft.VisualStudio.QualityTools.Tips.UnitTest.Adapter, Version=10.0.0.0, Culture=neutral, PublicKeyToken=b03f5f7f11d50a3a" className="MGAD_Test.AvaliacaoTests, MGAD_Test, Version=1.0.0.0, Culture=neutral, PublicKeyToken=null" name="Dado_Uma_Avaliacao_Ao_Ser_Criada_Deve_Associar_A_Todos_Grupos_De_Comportamentos_Existentes" />
    </UnitTest>
    <UnitTest name="Dado_Um_Gestor_Ao_Ser_Solicitado_Deve_Exibir_Todos_Seus_Colaboradores_Subordinados" storage="c:\documentos\puc\td2\mgad_tdd2\mgad_test\bin\debug\mgad_test.dll" id="42ae5b82-3ba3-50c7-82b7-031fdce7c046">
      <Execution id="20517edb-a3c4-4ca0-a435-be7bd3a12648" />
      <TestMethod codeBase="C:/Documentos/PUC/TD2/MGAD_TDD2/MGAD_Test/bin/Debug/MGAD_Test.DLL" adapterTypeName="Microsoft.VisualStudio.TestTools.TestTypes.Unit.UnitTestAdapter, Microsoft.VisualStudio.QualityTools.Tips.UnitTest.Adapter, Version=10.0.0.0, Culture=neutral, PublicKeyToken=b03f5f7f11d50a3a" className="MGAD_Test.GestorTests, MGAD_Test, Version=1.0.0.0, Culture=neutral, PublicKeyToken=null" name="Dado_Um_Gestor_Ao_Ser_Solicitado_Deve_Exibir_Todos_Seus_Colaboradores_Subordinados" />
    </UnitTest>
    <UnitTest name="Dado_Um_Processo_De_Avaliacao_De_Desempenho_Ao_Ser_Criado_Deve_Estar_Associado_A_Um_Gestor" storage="c:\documentos\puc\td2\mgad_tdd2\mgad_test\bin\debug\mgad_test.dll" id="27b0ac42-758b-a300-a6b1-4508d4d74d71">
      <Execution id="24da943a-d899-45f8-88da-820706bf14e5" />
      <TestMethod codeBase="C:/Documentos/PUC/TD2/MGAD_TDD2/MGAD_Test/bin/Debug/MGAD_Test.DLL" adapterTypeName="Microsoft.VisualStudio.TestTools.TestTypes.Unit.UnitTestAdapter, Microsoft.VisualStudio.QualityTools.Tips.UnitTest.Adapter, Version=10.0.0.0, Culture=neutral, PublicKeyToken=b03f5f7f11d50a3a" className="MGAD_Test.ProcessoDeAvaliacaoTests, MGAD_Test, Version=1.0.0.0, Culture=neutral, PublicKeyToken=null" name="Dado_Um_Processo_De_Avaliacao_De_Desempenho_Ao_Ser_Criado_Deve_Estar_Associado_A_Um_Gestor" />
    </UnitTest>
    <UnitTest name="Dado_Um_Processo_De_Avaliacao_De_Desempenho_Ao_Ser_Criado_Deve_Possuir_Uma_Auto_Avaliacao" storage="c:\documentos\puc\td2\mgad_tdd2\mgad_test\bin\debug\mgad_test.dll" id="4d68059a-3c7b-32c6-9d31-a1659f5a063e">
      <Execution id="c4a331d4-3f64-4011-b5b8-8b493980d9a3" />
      <TestMethod codeBase="C:/Documentos/PUC/TD2/MGAD_TDD2/MGAD_Test/bin/Debug/MGAD_Test.DLL" adapterTypeName="Microsoft.VisualStudio.TestTools.TestTypes.Unit.UnitTestAdapter, Microsoft.VisualStudio.QualityTools.Tips.UnitTest.Adapter, Version=10.0.0.0, Culture=neutral, PublicKeyToken=b03f5f7f11d50a3a" className="MGAD_Test.ProcessoDeAvaliacaoTests, MGAD_Test, Version=1.0.0.0, Culture=neutral, PublicKeyToken=null" name="Dado_Um_Processo_De_Avaliacao_De_Desempenho_Ao_Ser_Criado_Deve_Possuir_Uma_Auto_Avaliacao" />
    </UnitTest>
    <UnitTest name="Dado_Um_Administrador_Ao_Cadastrar_Um_Colaborador_Deve_Associar_A_Um_Gestor" storage="c:\documentos\puc\td2\mgad_tdd2\mgad_test\bin\debug\mgad_test.dll" id="b302884f-4d03-cd71-1637-583337540a68">
      <Execution id="4ce5d172-7cd8-4f56-adde-ec4c0f4a30d9" />
      <TestMethod codeBase="C:/Documentos/PUC/TD2/MGAD_TDD2/MGAD_Test/bin/Debug/MGAD_Test.DLL" adapterTypeName="Microsoft.VisualStudio.TestTools.TestTypes.Unit.UnitTestAdapter, Microsoft.VisualStudio.QualityTools.Tips.UnitTest.Adapter, Version=10.0.0.0, Culture=neutral, PublicKeyToken=b03f5f7f11d50a3a" className="MGAD_Test.AdministradorTests, MGAD_Test, Version=1.0.0.0, Culture=neutral, PublicKeyToken=null" name="Dado_Um_Administrador_Ao_Cadastrar_Um_Colaborador_Deve_Associar_A_Um_Gestor" />
    </UnitTest>
    <UnitTest name="Dado_Um_Processo_De_Avaliacao_De_Desempenho_Ao_Ser_Criado_Deve_Associar_Tres_Avaliacoes" storage="c:\documentos\puc\td2\mgad_tdd2\mgad_test\bin\debug\mgad_test.dll" id="4f68d635-d8f4-19b3-87d6-a25e7b7a182f">
      <Execution id="c70e26ef-f4da-46d1-824f-7ccc58461cc0" />
      <TestMethod codeBase="C:/Documentos/PUC/TD2/MGAD_TDD2/MGAD_Test/bin/Debug/MGAD_Test.DLL" adapterTypeName="Microsoft.VisualStudio.TestTools.TestTypes.Unit.UnitTestAdapter, Microsoft.VisualStudio.QualityTools.Tips.UnitTest.Adapter, Version=10.0.0.0, Culture=neutral, PublicKeyToken=b03f5f7f11d50a3a" className="MGAD_Test.ProcessoDeAvaliacaoTests, MGAD_Test, Version=1.0.0.0, Culture=neutral, PublicKeyToken=null" name="Dado_Um_Processo_De_Avaliacao_De_Desempenho_Ao_Ser_Criado_Deve_Associar_Tres_Avaliacoes" />
    </UnitTest>
    <UnitTest name="Dado_Um_Processo_De_Avaliacao_De_Desempenho_Ao_Ser_Criado_Deve_Possuir_Uma_Avaliacao_Do_Gestor" storage="c:\documentos\puc\td2\mgad_tdd2\mgad_test\bin\debug\mgad_test.dll" id="0d1ada27-015d-3e82-a33c-625242a7e1d6">
      <Execution id="35aafb05-810d-4005-a40d-734ad3a5e4d1" />
      <TestMethod codeBase="C:/Documentos/PUC/TD2/MGAD_TDD2/MGAD_Test/bin/Debug/MGAD_Test.DLL" adapterTypeName="Microsoft.VisualStudio.TestTools.TestTypes.Unit.UnitTestAdapter, Microsoft.VisualStudio.QualityTools.Tips.UnitTest.Adapter, Version=10.0.0.0, Culture=neutral, PublicKeyToken=b03f5f7f11d50a3a" className="MGAD_Test.ProcessoDeAvaliacaoTests, MGAD_Test, Version=1.0.0.0, Culture=neutral, PublicKeyToken=null" name="Dado_Um_Processo_De_Avaliacao_De_Desempenho_Ao_Ser_Criado_Deve_Possuir_Uma_Avaliacao_Do_Gestor" />
    </UnitTest>
    <UnitTest name="Dado_Um_Comportamento_Ao_Ser_Criado_Deve_Associar_A_Algum_Grupo_De_Comportamentos" storage="c:\documentos\puc\td2\mgad_tdd2\mgad_test\bin\debug\mgad_test.dll" id="08e53e63-0c77-376a-664d-7136d9762ca2">
      <Execution id="419d5e42-b897-45fd-b906-de7d073ae0c5" />
      <TestMethod codeBase="C:/Documentos/PUC/TD2/MGAD_TDD2/MGAD_Test/bin/Debug/MGAD_Test.DLL" adapterTypeName="Microsoft.VisualStudio.TestTools.TestTypes.Unit.UnitTestAdapter, Microsoft.VisualStudio.QualityTools.Tips.UnitTest.Adapter, Version=10.0.0.0, Culture=neutral, PublicKeyToken=b03f5f7f11d50a3a" className="MGAD_Test.ComportamentoTests, MGAD_Test, Version=1.0.0.0, Culture=neutral, PublicKeyToken=null" name="Dado_Um_Comportamento_Ao_Ser_Criado_Deve_Associar_A_Algum_Grupo_De_Comportamentos" />
    </UnitTest>
  </TestDefinitions>
  <TestLists>
    <TestList name="Results Not in a List" id="8c84fa94-04c1-424b-9868-57a2d4851a1d" />
    <TestList name="All Loaded Results" id="19431567-8539-422a-85d7-44ee4e166bda" />
  </TestLists>
  <TestEntries>
    <TestEntry testId="08e53e63-0c77-376a-664d-7136d9762ca2" executionId="419d5e42-b897-45fd-b906-de7d073ae0c5" testListId="8c84fa94-04c1-424b-9868-57a2d4851a1d" />
    <TestEntry testId="0d1ada27-015d-3e82-a33c-625242a7e1d6" executionId="35aafb05-810d-4005-a40d-734ad3a5e4d1" testListId="8c84fa94-04c1-424b-9868-57a2d4851a1d" />
    <TestEntry testId="27b0ac42-758b-a300-a6b1-4508d4d74d71" executionId="24da943a-d899-45f8-88da-820706bf14e5" testListId="8c84fa94-04c1-424b-9868-57a2d4851a1d" />
    <TestEntry testId="3db214db-b15d-849f-ddbb-5c0abb93555d" executionId="775515f0-be5a-40c8-8bd6-8d50a0c3143d" testListId="8c84fa94-04c1-424b-9868-57a2d4851a1d" />
    <TestEntry testId="42ae5b82-3ba3-50c7-82b7-031fdce7c046" executionId="20517edb-a3c4-4ca0-a435-be7bd3a12648" testListId="8c84fa94-04c1-424b-9868-57a2d4851a1d" />
    <TestEntry testId="4d68059a-3c7b-32c6-9d31-a1659f5a063e" executionId="c4a331d4-3f64-4011-b5b8-8b493980d9a3" testListId="8c84fa94-04c1-424b-9868-57a2d4851a1d" />
    <TestEntry testId="4f68d635-d8f4-19b3-87d6-a25e7b7a182f" executionId="c70e26ef-f4da-46d1-824f-7ccc58461cc0" testListId="8c84fa94-04c1-424b-9868-57a2d4851a1d" />
    <TestEntry testId="b302884f-4d03-cd71-1637-583337540a68" executionId="4ce5d172-7cd8-4f56-adde-ec4c0f4a30d9" testListId="8c84fa94-04c1-424b-9868-57a2d4851a1d" />
  </TestEntries>
  <Results>
    <UnitTestResult executionId="419d5e42-b897-45fd-b906-de7d073ae0c5" testId="08e53e63-0c77-376a-664d-7136d9762ca2" testName="Dado_Um_Comportamento_Ao_Ser_Criado_Deve_Associar_A_Algum_Grupo_De_Comportamentos" computerName="NDANIEL" duration="00:00:00.2924484" startTime="2011-10-25T23:24:29.5416157-02:00" endTime="2011-10-25T23:24:30.1236490-02:00" testType="13cdc9d9-ddb5-4fa4-a97d-d965ccfc6d4b" outcome="Passed" testListId="8c84fa94-04c1-424b-9868-57a2d4851a1d" relativeResultsDirectory="419d5e42-b897-45fd-b906-de7d073ae0c5">
    </UnitTestResult>
    <UnitTestResult executionId="35aafb05-810d-4005-a40d-734ad3a5e4d1" testId="0d1ada27-015d-3e82-a33c-625242a7e1d6" testName="Dado_Um_Processo_De_Avaliacao_De_Desempenho_Ao_Ser_Criado_Deve_Possuir_Uma_Avaliacao_Do_Gestor" computerName="NDANIEL" duration="00:00:00.2766833" startTime="2011-10-25T23:24:30.1276492-02:00" endTime="2011-10-25T23:24:30.4086653-02:00" testType="13cdc9d9-ddb5-4fa4-a97d-d965ccfc6d4b" outcome="Passed" testListId="8c84fa94-04c1-424b-9868-57a2d4851a1d" relativeResultsDirectory="35aafb05-810d-4005-a40d-734ad3a5e4d1">
    </UnitTestResult>
    <UnitTestResult executionId="24da943a-d899-45f8-88da-820706bf14e5" testId="27b0ac42-758b-a300-a6b1-4508d4d74d71" testName="Dado_Um_Processo_De_Avaliacao_De_Desempenho_Ao_Ser_Criado_Deve_Estar_Associado_A_Um_Gestor" computerName="NDANIEL" duration="00:00:00.2988251" startTime="2011-10-25T23:24:30.4126655-02:00" endTime="2011-10-25T23:24:30.7146828-02:00" testType="13cdc9d9-ddb5-4fa4-a97d-d965ccfc6d4b" outcome="Passed" testListId="8c84fa94-04c1-424b-9868-57a2d4851a1d" relativeResultsDirectory="24da943a-d899-45f8-88da-820706bf14e5">
    </UnitTestResult>
    <UnitTestResult executionId="775515f0-be5a-40c8-8bd6-8d50a0c3143d" testId="3db214db-b15d-849f-ddbb-5c0abb93555d" testName="Dado_Uma_Avaliacao_Ao_Ser_Criada_Deve_Associar_A_Todos_Grupos_De_Comportamentos_Existentes" computerName="NDANIEL" duration="00:00:00.4665478" startTime="2011-10-25T23:24:30.7186830-02:00" endTime="2011-10-25T23:24:31.1907100-02:00" testType="13cdc9d9-ddb5-4fa4-a97d-d965ccfc6d4b" outcome="Passed" testListId="8c84fa94-04c1-424b-9868-57a2d4851a1d" relativeResultsDirectory="775515f0-be5a-40c8-8bd6-8d50a0c3143d">
    </UnitTestResult>
    <UnitTestResult executionId="20517edb-a3c4-4ca0-a435-be7bd3a12648" testId="42ae5b82-3ba3-50c7-82b7-031fdce7c046" testName="Dado_Um_Gestor_Ao_Ser_Solicitado_Deve_Exibir_Todos_Seus_Colaboradores_Subordinados" computerName="NDANIEL" duration="00:00:00.2069439" startTime="2011-10-25T23:24:31.1957103-02:00" endTime="2011-10-25T23:24:31.4077224-02:00" testType="13cdc9d9-ddb5-4fa4-a97d-d965ccfc6d4b" outcome="Passed" testListId="8c84fa94-04c1-424b-9868-57a2d4851a1d" relativeResultsDirectory="20517edb-a3c4-4ca0-a435-be7bd3a12648">
    </UnitTestResult>
    <UnitTestResult executionId="c4a331d4-3f64-4011-b5b8-8b493980d9a3" testId="4d68059a-3c7b-32c6-9d31-a1659f5a063e" testName="Dado_Um_Processo_De_Avaliacao_De_Desempenho_Ao_Ser_Criado_Deve_Possuir_Uma_Auto_Avaliacao" computerName="NDANIEL" duration="00:00:00.1735935" startTime="2011-10-25T23:24:31.4107226-02:00" endTime="2011-10-25T23:24:31.5887328-02:00" testType="13cdc9d9-ddb5-4fa4-a97d-d965ccfc6d4b" outcome="Passed" testListId="8c84fa94-04c1-424b-9868-57a2d4851a1d" relativeResultsDirectory="c4a331d4-3f64-4011-b5b8-8b493980d9a3">
    </UnitTestResult>
    <UnitTestResult executionId="c70e26ef-f4da-46d1-824f-7ccc58461cc0" testId="4f68d635-d8f4-19b3-87d6-a25e7b7a182f" testName="Dado_Um_Processo_De_Avaliacao_De_Desempenho_Ao_Ser_Criado_Deve_Associar_Tres_Avaliacoes" computerName="NDANIEL" duration="00:00:00.1503629" startTime="2011-10-25T23:24:31.5927330-02:00" endTime="2011-10-25T23:24:31.7477419-02:00" testType="13cdc9d9-ddb5-4fa4-a97d-d965ccfc6d4b" outcome="Passed" testListId="8c84fa94-04c1-424b-9868-57a2d4851a1d" relativeResultsDirectory="c70e26ef-f4da-46d1-824f-7ccc58461cc0">
    </UnitTestResult>
    <UnitTestResult executionId="4ce5d172-7cd8-4f56-adde-ec4c0f4a30d9" testId="b302884f-4d03-cd71-1637-583337540a68" testName="Dado_Um_Administrador_Ao_Cadastrar_Um_Colaborador_Deve_Associar_A_Um_Gestor" computerName="NDANIEL" duration="00:00:00.0483307" startTime="2011-10-25T23:24:31.7507421-02:00" endTime="2011-10-25T23:24:31.8027450-02:00" testType="13cdc9d9-ddb5-4fa4-a97d-d965ccfc6d4b" outcome="Passed" testListId="8c84fa94-04c1-424b-9868-57a2d4851a1d" relativeResultsDirectory="4ce5d172-7cd8-4f56-adde-ec4c0f4a30d9">
    </UnitTestResult>
  </Results>
</TestRun>