<?xml version="1.0" encoding="UTF-8"?>
<TestRun id="c730d480-a1eb-416a-a87c-f98f03eba383" name="DANIEL@NDANIEL 2011-10-24 14:07:53" runUser="NDANIEL\DANIEL" xmlns="http://microsoft.com/schemas/VisualStudio/TeamTest/2010">
  <TestSettings name="Local" id="00656b24-79bd-4b63-882c-314f1b4727c1">
    <Description>These are default test settings for a local test run.</Description>
    <Deployment enabled="false" runDeploymentRoot="DANIEL_NDANIEL 2011-10-24 14_07_53">
      <DeploymentItem filename="C:\Documentos\PUC\TD2\MGAD_TDD2\MGAD_Model\bin\Debug\MGAD_Model.dll" />
    </Deployment>
    <Execution>
      <TestTypeSpecific />
      <AgentRule name="Execution Agents">
      </AgentRule>
    </Execution>
  </TestSettings>
  <Times creation="2011-10-24T14:07:53.8636620-02:00" queuing="2011-10-24T14:07:53.9416622-02:00" start="2011-10-24T14:07:53.9572622-02:00" finish="2011-10-24T14:07:54.8308637-02:00" />
  <ResultSummary outcome="Failed">
    <Counters total="7" executed="7" passed="6" error="0" failed="1" timeout="0" aborted="0" inconclusive="0" passedButRunAborted="0" notRunnable="0" notExecuted="0" disconnected="0" warning="0" completed="0" inProgress="0" pending="0" />
  </ResultSummary>
  <TestDefinitions>
    <UnitTest name="Dado_Um_Processo_De_Avaliacao_De_Desempenho_Ao_Ser_Criado_Deve_Possuir_Uma_Auto_Avaliacao" storage="c:\documentos\puc\td2\mgad_tdd2\mgad_test\bin\debug\mgad_test.dll" id="4d68059a-3c7b-32c6-9d31-a1659f5a063e">
      <Execution id="4c57103c-a569-42c7-a520-7e8aa21d586f" />
      <TestMethod codeBase="C:/Documentos/PUC/TD2/MGAD_TDD2/MGAD_Test/bin/Debug/MGAD_Test.DLL" adapterTypeName="Microsoft.VisualStudio.TestTools.TestTypes.Unit.UnitTestAdapter, Microsoft.VisualStudio.QualityTools.Tips.UnitTest.Adapter, Version=10.0.0.0, Culture=neutral, PublicKeyToken=b03f5f7f11d50a3a" className="MGAD_Test.ProcessoDeAvaliacaoTests, MGAD_Test, Version=1.0.0.0, Culture=neutral, PublicKeyToken=null" name="Dado_Um_Processo_De_Avaliacao_De_Desempenho_Ao_Ser_Criado_Deve_Possuir_Uma_Auto_Avaliacao" />
    </UnitTest>
    <UnitTest name="Dado_Um_Gestor_Ao_Ser_Solicitado_Deve_Exibir_Todos_Seus_Colaboradores_Subordinados" storage="c:\documentos\puc\td2\mgad_tdd2\mgad_test\bin\debug\mgad_test.dll" id="42ae5b82-3ba3-50c7-82b7-031fdce7c046">
      <Execution id="66ba8d07-d8bf-455a-aac2-a70f01b99ee9" />
      <TestMethod codeBase="C:/Documentos/PUC/TD2/MGAD_TDD2/MGAD_Test/bin/Debug/MGAD_Test.DLL" adapterTypeName="Microsoft.VisualStudio.TestTools.TestTypes.Unit.UnitTestAdapter, Microsoft.VisualStudio.QualityTools.Tips.UnitTest.Adapter, Version=10.0.0.0, Culture=neutral, PublicKeyToken=b03f5f7f11d50a3a" className="MGAD_Test.GestorTests, MGAD_Test, Version=1.0.0.0, Culture=neutral, PublicKeyToken=null" name="Dado_Um_Gestor_Ao_Ser_Solicitado_Deve_Exibir_Todos_Seus_Colaboradores_Subordinados" />
    </UnitTest>
    <UnitTest name="Dado_Uma_Avaliacao_Ao_Ser_Criada_Deve_Associar_A_Todos_Grupos_De_Comportamentos_Existentes" storage="c:\documentos\puc\td2\mgad_tdd2\mgad_test\bin\debug\mgad_test.dll" id="3db214db-b15d-849f-ddbb-5c0abb93555d">
      <Execution id="1e898e90-8dfd-4715-af6e-842a87d49bb5" />
      <TestMethod codeBase="C:/Documentos/PUC/TD2/MGAD_TDD2/MGAD_Test/bin/Debug/MGAD_Test.DLL" adapterTypeName="Microsoft.VisualStudio.TestTools.TestTypes.Unit.UnitTestAdapter, Microsoft.VisualStudio.QualityTools.Tips.UnitTest.Adapter, Version=10.0.0.0, Culture=neutral, PublicKeyToken=b03f5f7f11d50a3a" className="MGAD_Test.AvaliacaoTests, MGAD_Test, Version=1.0.0.0, Culture=neutral, PublicKeyToken=null" name="Dado_Uma_Avaliacao_Ao_Ser_Criada_Deve_Associar_A_Todos_Grupos_De_Comportamentos_Existentes" />
    </UnitTest>
    <UnitTest name="Dado_Um_Administrador_Ao_Cadastrar_Um_Colaborador_Deve_Associar_A_Um_Gestor" storage="c:\documentos\puc\td2\mgad_tdd2\mgad_test\bin\debug\mgad_test.dll" id="b302884f-4d03-cd71-1637-583337540a68">
      <Execution id="1bf643d8-55ad-4a52-adc7-0f02b39db4b4" />
      <TestMethod codeBase="C:/Documentos/PUC/TD2/MGAD_TDD2/MGAD_Test/bin/Debug/MGAD_Test.DLL" adapterTypeName="Microsoft.VisualStudio.TestTools.TestTypes.Unit.UnitTestAdapter, Microsoft.VisualStudio.QualityTools.Tips.UnitTest.Adapter, Version=10.0.0.0, Culture=neutral, PublicKeyToken=b03f5f7f11d50a3a" className="MGAD_Test.AdministradorTests, MGAD_Test, Version=1.0.0.0, Culture=neutral, PublicKeyToken=null" name="Dado_Um_Administrador_Ao_Cadastrar_Um_Colaborador_Deve_Associar_A_Um_Gestor" />
    </UnitTest>
    <UnitTest name="Dado_Um_Processo_De_Avaliacao_De_Desempenho_Ao_Ser_Criado_Deve_Associar_Tres_Avaliacoes" storage="c:\documentos\puc\td2\mgad_tdd2\mgad_test\bin\debug\mgad_test.dll" id="4f68d635-d8f4-19b3-87d6-a25e7b7a182f">
      <Execution id="4306e74e-53fa-42b2-a97b-df3c7b66ea69" />
      <TestMethod codeBase="C:/Documentos/PUC/TD2/MGAD_TDD2/MGAD_Test/bin/Debug/MGAD_Test.DLL" adapterTypeName="Microsoft.VisualStudio.TestTools.TestTypes.Unit.UnitTestAdapter, Microsoft.VisualStudio.QualityTools.Tips.UnitTest.Adapter, Version=10.0.0.0, Culture=neutral, PublicKeyToken=b03f5f7f11d50a3a" className="MGAD_Test.ProcessoDeAvaliacaoTests, MGAD_Test, Version=1.0.0.0, Culture=neutral, PublicKeyToken=null" name="Dado_Um_Processo_De_Avaliacao_De_Desempenho_Ao_Ser_Criado_Deve_Associar_Tres_Avaliacoes" />
    </UnitTest>
    <UnitTest name="Dado_Um_Processo_De_Avaliacao_De_Desempenho_Ao_Ser_Criado_Deve_Possuir_Uma_Avaliacao_Do_Gestor" storage="c:\documentos\puc\td2\mgad_tdd2\mgad_test\bin\debug\mgad_test.dll" id="0d1ada27-015d-3e82-a33c-625242a7e1d6">
      <Execution id="6f57ceb8-5afd-4707-90fd-a03dc4719baa" />
      <TestMethod codeBase="C:/Documentos/PUC/TD2/MGAD_TDD2/MGAD_Test/bin/Debug/MGAD_Test.DLL" adapterTypeName="Microsoft.VisualStudio.TestTools.TestTypes.Unit.UnitTestAdapter, Microsoft.VisualStudio.QualityTools.Tips.UnitTest.Adapter, Version=10.0.0.0, Culture=neutral, PublicKeyToken=b03f5f7f11d50a3a" className="MGAD_Test.ProcessoDeAvaliacaoTests, MGAD_Test, Version=1.0.0.0, Culture=neutral, PublicKeyToken=null" name="Dado_Um_Processo_De_Avaliacao_De_Desempenho_Ao_Ser_Criado_Deve_Possuir_Uma_Avaliacao_Do_Gestor" />
    </UnitTest>
    <UnitTest name="Dado_Um_Comportamento_Ao_Ser_Criado_Deve_Associar_A_Algum_Grupo_De_Comportamentos" storage="c:\documentos\puc\td2\mgad_tdd2\mgad_test\bin\debug\mgad_test.dll" id="08e53e63-0c77-376a-664d-7136d9762ca2">
      <Execution id="7a1e0961-a086-4de4-ae41-bcc624500efa" />
      <TestMethod codeBase="C:/Documentos/PUC/TD2/MGAD_TDD2/MGAD_Test/bin/Debug/MGAD_Test.DLL" adapterTypeName="Microsoft.VisualStudio.TestTools.TestTypes.Unit.UnitTestAdapter, Microsoft.VisualStudio.QualityTools.Tips.UnitTest.Adapter, Version=10.0.0.0, Culture=neutral, PublicKeyToken=b03f5f7f11d50a3a" className="MGAD_Test.ComportamentoTests, MGAD_Test, Version=1.0.0.0, Culture=neutral, PublicKeyToken=null" name="Dado_Um_Comportamento_Ao_Ser_Criado_Deve_Associar_A_Algum_Grupo_De_Comportamentos" />
    </UnitTest>
  </TestDefinitions>
  <TestLists>
    <TestList name="Results Not in a List" id="8c84fa94-04c1-424b-9868-57a2d4851a1d" />
    <TestList name="All Loaded Results" id="19431567-8539-422a-85d7-44ee4e166bda" />
  </TestLists>
  <TestEntries>
    <TestEntry testId="08e53e63-0c77-376a-664d-7136d9762ca2" executionId="7a1e0961-a086-4de4-ae41-bcc624500efa" testListId="8c84fa94-04c1-424b-9868-57a2d4851a1d" />
    <TestEntry testId="0d1ada27-015d-3e82-a33c-625242a7e1d6" executionId="6f57ceb8-5afd-4707-90fd-a03dc4719baa" testListId="8c84fa94-04c1-424b-9868-57a2d4851a1d" />
    <TestEntry testId="3db214db-b15d-849f-ddbb-5c0abb93555d" executionId="1e898e90-8dfd-4715-af6e-842a87d49bb5" testListId="8c84fa94-04c1-424b-9868-57a2d4851a1d" />
    <TestEntry testId="42ae5b82-3ba3-50c7-82b7-031fdce7c046" executionId="66ba8d07-d8bf-455a-aac2-a70f01b99ee9" testListId="8c84fa94-04c1-424b-9868-57a2d4851a1d" />
    <TestEntry testId="4d68059a-3c7b-32c6-9d31-a1659f5a063e" executionId="4c57103c-a569-42c7-a520-7e8aa21d586f" testListId="8c84fa94-04c1-424b-9868-57a2d4851a1d" />
    <TestEntry testId="4f68d635-d8f4-19b3-87d6-a25e7b7a182f" executionId="4306e74e-53fa-42b2-a97b-df3c7b66ea69" testListId="8c84fa94-04c1-424b-9868-57a2d4851a1d" />
    <TestEntry testId="b302884f-4d03-cd71-1637-583337540a68" executionId="1bf643d8-55ad-4a52-adc7-0f02b39db4b4" testListId="8c84fa94-04c1-424b-9868-57a2d4851a1d" />
  </TestEntries>
  <Results>
    <UnitTestResult executionId="7a1e0961-a086-4de4-ae41-bcc624500efa" testId="08e53e63-0c77-376a-664d-7136d9762ca2" testName="Dado_Um_Comportamento_Ao_Ser_Criado_Deve_Associar_A_Algum_Grupo_De_Comportamentos" computerName="NDANIEL" duration="00:00:00.1529881" startTime="2011-10-24T14:07:53.9572622-02:00" endTime="2011-10-24T14:07:54.3316628-02:00" testType="13cdc9d9-ddb5-4fa4-a97d-d965ccfc6d4b" outcome="Passed" testListId="8c84fa94-04c1-424b-9868-57a2d4851a1d" relativeResultsDirectory="7a1e0961-a086-4de4-ae41-bcc624500efa">
    </UnitTestResult>
    <UnitTestResult executionId="6f57ceb8-5afd-4707-90fd-a03dc4719baa" testId="0d1ada27-015d-3e82-a33c-625242a7e1d6" testName="Dado_Um_Processo_De_Avaliacao_De_Desempenho_Ao_Ser_Criado_Deve_Possuir_Uma_Avaliacao_Do_Gestor" computerName="NDANIEL" duration="00:00:00.0446589" startTime="2011-10-24T14:07:54.3316628-02:00" endTime="2011-10-24T14:07:54.3784629-02:00" testType="13cdc9d9-ddb5-4fa4-a97d-d965ccfc6d4b" outcome="Failed" testListId="8c84fa94-04c1-424b-9868-57a2d4851a1d" relativeResultsDirectory="6f57ceb8-5afd-4707-90fd-a03dc4719baa">
      <Output>
        <ErrorInfo>
          <Message>Assert.AreEqual failed. Expected:&lt;Avaliação do gestor&gt;. Actual:&lt;Auto avaliação&gt;. </Message>
          <StackTrace>   at MGAD_Test.ProcessoDeAvaliacaoTests.Dado_Um_Processo_De_Avaliacao_De_Desempenho_Ao_Ser_Criado_Deve_Possuir_Uma_Avaliacao_Do_Gestor() in C:\Documentos\PUC\TD2\MGAD_TDD2\MGAD_Test\ProcessoDeAvaliacaoTests.cs:line 43
</StackTrace>
        </ErrorInfo>
      </Output>
    </UnitTestResult>
    <UnitTestResult executionId="1e898e90-8dfd-4715-af6e-842a87d49bb5" testId="3db214db-b15d-849f-ddbb-5c0abb93555d" testName="Dado_Uma_Avaliacao_Ao_Ser_Criada_Deve_Associar_A_Todos_Grupos_De_Comportamentos_Existentes" computerName="NDANIEL" duration="00:00:00.0949323" startTime="2011-10-24T14:07:54.3784629-02:00" endTime="2011-10-24T14:07:54.4720631-02:00" testType="13cdc9d9-ddb5-4fa4-a97d-d965ccfc6d4b" outcome="Passed" testListId="8c84fa94-04c1-424b-9868-57a2d4851a1d" relativeResultsDirectory="1e898e90-8dfd-4715-af6e-842a87d49bb5">
    </UnitTestResult>
    <UnitTestResult executionId="66ba8d07-d8bf-455a-aac2-a70f01b99ee9" testId="42ae5b82-3ba3-50c7-82b7-031fdce7c046" testName="Dado_Um_Gestor_Ao_Ser_Solicitado_Deve_Exibir_Todos_Seus_Colaboradores_Subordinados" computerName="NDANIEL" duration="00:00:00.1903679" startTime="2011-10-24T14:07:54.4876631-02:00" endTime="2011-10-24T14:07:54.6748634-02:00" testType="13cdc9d9-ddb5-4fa4-a97d-d965ccfc6d4b" outcome="Passed" testListId="8c84fa94-04c1-424b-9868-57a2d4851a1d" relativeResultsDirectory="66ba8d07-d8bf-455a-aac2-a70f01b99ee9">
    </UnitTestResult>
    <UnitTestResult executionId="4c57103c-a569-42c7-a520-7e8aa21d586f" testId="4d68059a-3c7b-32c6-9d31-a1659f5a063e" testName="Dado_Um_Processo_De_Avaliacao_De_Desempenho_Ao_Ser_Criado_Deve_Possuir_Uma_Auto_Avaliacao" computerName="NDANIEL" duration="00:00:00.0245667" startTime="2011-10-24T14:07:54.6748634-02:00" endTime="2011-10-24T14:07:54.7060635-02:00" testType="13cdc9d9-ddb5-4fa4-a97d-d965ccfc6d4b" outcome="Passed" testListId="8c84fa94-04c1-424b-9868-57a2d4851a1d" relativeResultsDirectory="4c57103c-a569-42c7-a520-7e8aa21d586f">
    </UnitTestResult>
    <UnitTestResult executionId="4306e74e-53fa-42b2-a97b-df3c7b66ea69" testId="4f68d635-d8f4-19b3-87d6-a25e7b7a182f" testName="Dado_Um_Processo_De_Avaliacao_De_Desempenho_Ao_Ser_Criado_Deve_Associar_Tres_Avaliacoes" computerName="NDANIEL" duration="00:00:00.0003306" startTime="2011-10-24T14:07:54.7060635-02:00" endTime="2011-10-24T14:07:54.7216635-02:00" testType="13cdc9d9-ddb5-4fa4-a97d-d965ccfc6d4b" outcome="Passed" testListId="8c84fa94-04c1-424b-9868-57a2d4851a1d" relativeResultsDirectory="4306e74e-53fa-42b2-a97b-df3c7b66ea69">
    </UnitTestResult>
    <UnitTestResult executionId="1bf643d8-55ad-4a52-adc7-0f02b39db4b4" testId="b302884f-4d03-cd71-1637-583337540a68" testName="Dado_Um_Administrador_Ao_Cadastrar_Um_Colaborador_Deve_Associar_A_Um_Gestor" computerName="NDANIEL" duration="00:00:00.0887545" startTime="2011-10-24T14:07:54.7216635-02:00" endTime="2011-10-24T14:07:54.8152637-02:00" testType="13cdc9d9-ddb5-4fa4-a97d-d965ccfc6d4b" outcome="Passed" testListId="8c84fa94-04c1-424b-9868-57a2d4851a1d" relativeResultsDirectory="1bf643d8-55ad-4a52-adc7-0f02b39db4b4">
    </UnitTestResult>
  </Results>
</TestRun>